<?xml version="1.0" encoding="UTF-8"?>
<!-- Generated by org.testng.reporters.JUnitReportReporter -->
<testsuite hostname="LAPTOP-UVKNEQCG" failures="0" tests="5" name="testCases.TC_003_LoginDDT" time="53.668" errors="0" timestamp="2023-04-05T13:51:20 IST" skipped="0">
  <testcase classname="testCases.TC_003_LoginDDT" name="test_loginDTT" time="10.590"/>
  <system-out/>
  <testcase classname="testCases.TC_003_LoginDDT" name="test_loginDTT" time="10.634"/>
  <system-out/>
  <testcase classname="testCases.TC_003_LoginDDT" name="test_loginDTT" time="11.053"/>
  <system-out/>
  <testcase classname="testCases.TC_003_LoginDDT" name="test_loginDTT" time="10.746"/>
  <system-out/>
  <testcase classname="testCases.TC_003_LoginDDT" name="test_loginDTT" time="10.645"/>
  <system-out/>
</testsuite> <!-- testCases.TC_003_LoginDDT -->
