<?xml version="1.0" encoding="UTF-8"?>
<!-- Generated by org.testng.reporters.JUnitReportReporter -->
<testsuite hostname="LAPTOP-UVKNEQCG" failures="0" tests="1" name="testCases.TC_002_LoginTest" time="0.878" errors="0" timestamp="2023-04-06T12:34:54 IST" skipped="0">
  <testcase classname="testCases.TC_002_LoginTest" name="test_login" time="0.878"/>
  <system-out/>
</testsuite> <!-- testCases.TC_002_LoginTest -->
