<?xml version="1.0" encoding="UTF-8"?>
<!-- Generated by org.testng.reporters.JUnitReportReporter -->
<testsuite hostname="LAPTOP-UVKNEQCG" failures="0" tests="5" name="testCases.TC_003_LoginDDT" time="53.437" errors="0" timestamp="2023-04-03T12:15:27 IST" skipped="0">
  <testcase classname="testCases.TC_003_LoginDDT" name="test_loginDTT" time="10.791"/>
  <system-out/>
  <testcase classname="testCases.TC_003_LoginDDT" name="test_loginDTT" time="10.688"/>
  <system-out/>
  <testcase classname="testCases.TC_003_LoginDDT" name="test_loginDTT" time="10.590"/>
  <system-out/>
  <testcase classname="testCases.TC_003_LoginDDT" name="test_loginDTT" time="10.729"/>
  <system-out/>
  <testcase classname="testCases.TC_003_LoginDDT" name="test_loginDTT" time="10.639"/>
  <system-out/>
</testsuite> <!-- testCases.TC_003_LoginDDT -->
